[debug] [2021-03-16T00:09:13.463Z] ----------------------------------------------------------------------
[debug] [2021-03-16T00:09:13.465Z] Command:       C:\Program Files\nodejs\node.exe C:\Users\Korisnik\AppData\Roaming\npm\node_modules\firebase-tools\lib\bin\firebase.js init
[debug] [2021-03-16T00:09:13.465Z] CLI Version:   9.6.1
[debug] [2021-03-16T00:09:13.465Z] Platform:      win32
[debug] [2021-03-16T00:09:13.465Z] Node Version:  v15.7.0
[debug] [2021-03-16T00:09:13.466Z] Time:          Tue Mar 16 2021 01:09:13 GMT+0100 (srednjoeuropsko standardno vrijeme)
[debug] [2021-03-16T00:09:13.466Z] ----------------------------------------------------------------------
[debug] [2021-03-16T00:09:13.466Z] 
[debug] [2021-03-16T00:09:13.473Z] > command requires scopes: ["email","openid","https://www.googleapis.com/auth/cloudplatformprojects.readonly","https://www.googleapis.com/auth/firebase","https://www.googleapis.com/auth/cloud-platform"]
[debug] [2021-03-16T00:09:13.474Z] > authorizing via signed-in user
[info] 
     ######## #### ########  ######## ########     ###     ######  ########
     ##        ##  ##     ## ##       ##     ##  ##   ##  ##       ##
     ######    ##  ########  ######   ########  #########  ######  ######
     ##        ##  ##    ##  ##       ##     ## ##     ##       ## ##
     ##       #### ##     ## ######## ########  ##     ##  ######  ########

You're about to initialize a Firebase project in this directory:

  C:\Users\Korisnik\Downloads

Before we get started, keep in mind:

  * You are initializing in an existing Firebase project directory

